2024/02/03 07:57:37 [notice] 1#1: using the "epoll" event method
2024/02/03 07:57:37 [notice] 1#1: nginx/1.25.3
2024/02/03 07:57:37 [notice] 1#1: built by gcc 12.2.0 (Debian 12.2.0-14) 
2024/02/03 07:57:37 [notice] 1#1: OS: Linux 5.15.0-92-generic
2024/02/03 07:57:37 [notice] 1#1: getrlimit(RLIMIT_NOFILE): 1048576:1048576
2024/02/03 07:57:37 [notice] 1#1: start worker processes
2024/02/03 07:57:37 [notice] 1#1: start worker process 20
2024/02/03 07:57:37 [notice] 1#1: start worker process 21
2024/02/03 08:00:28 [notice] 1#1: signal 3 (SIGQUIT) received, shutting down
2024/02/03 08:00:28 [notice] 21#21: gracefully shutting down
2024/02/03 08:00:28 [notice] 21#21: exiting
2024/02/03 08:00:28 [notice] 21#21: exit
2024/02/03 08:00:28 [notice] 20#20: gracefully shutting down
2024/02/03 08:00:28 [notice] 1#1: signal 17 (SIGCHLD) received from 21
2024/02/03 08:00:28 [notice] 1#1: worker process 21 exited with code 0
2024/02/03 08:00:28 [notice] 1#1: signal 29 (SIGIO) received
2024/02/03 08:00:29 [notice] 20#20: exiting
2024/02/03 08:00:29 [notice] 20#20: exit
2024/02/03 08:00:29 [notice] 1#1: signal 17 (SIGCHLD) received from 20
2024/02/03 08:00:29 [notice] 1#1: worker process 20 exited with code 0
2024/02/03 08:00:29 [notice] 1#1: exit
2024/02/03 08:01:07 [notice] 1#1: using the "epoll" event method
2024/02/03 08:01:07 [notice] 1#1: nginx/1.25.3
2024/02/03 08:01:07 [notice] 1#1: built by gcc 12.2.0 (Debian 12.2.0-14) 
2024/02/03 08:01:07 [notice] 1#1: OS: Linux 5.15.0-92-generic
2024/02/03 08:01:07 [notice] 1#1: getrlimit(RLIMIT_NOFILE): 1048576:1048576
2024/02/03 08:01:07 [notice] 1#1: start worker processes
2024/02/03 08:01:07 [notice] 1#1: start worker process 19
2024/02/03 08:01:07 [notice] 1#1: start worker process 20
2024/02/03 08:02:04 [notice] 1#1: signal 3 (SIGQUIT) received, shutting down
2024/02/03 08:02:04 [notice] 19#19: gracefully shutting down
2024/02/03 08:02:04 [notice] 19#19: exiting
2024/02/03 08:02:04 [notice] 19#19: exit
2024/02/03 08:02:04 [notice] 20#20: gracefully shutting down
2024/02/03 08:02:04 [notice] 20#20: exiting
2024/02/03 08:02:04 [notice] 20#20: exit
2024/02/03 08:02:04 [notice] 1#1: signal 17 (SIGCHLD) received from 19
2024/02/03 08:02:04 [notice] 1#1: worker process 19 exited with code 0
2024/02/03 08:02:04 [notice] 1#1: signal 29 (SIGIO) received
2024/02/03 08:02:04 [notice] 1#1: signal 17 (SIGCHLD) received from 20
2024/02/03 08:02:04 [notice] 1#1: worker process 20 exited with code 0
2024/02/03 08:02:04 [notice] 1#1: exit
2024/02/03 08:02:52 [notice] 1#1: using the "epoll" event method
2024/02/03 08:02:52 [notice] 1#1: nginx/1.25.3
2024/02/03 08:02:52 [notice] 1#1: built by gcc 12.2.0 (Debian 12.2.0-14) 
2024/02/03 08:02:52 [notice] 1#1: OS: Linux 5.15.0-92-generic
2024/02/03 08:02:52 [notice] 1#1: getrlimit(RLIMIT_NOFILE): 1048576:1048576
2024/02/03 08:02:52 [notice] 1#1: start worker processes
2024/02/03 08:02:52 [notice] 1#1: start worker process 19
2024/02/03 08:02:52 [notice] 1#1: start worker process 20
2024/02/03 08:04:12 [notice] 1#1: signal 3 (SIGQUIT) received, shutting down
2024/02/03 08:04:12 [notice] 19#19: gracefully shutting down
2024/02/03 08:04:12 [notice] 20#20: gracefully shutting down
2024/02/03 08:04:12 [notice] 20#20: exiting
2024/02/03 08:04:12 [notice] 20#20: exit
2024/02/03 08:04:12 [notice] 1#1: signal 17 (SIGCHLD) received from 20
2024/02/03 08:04:12 [notice] 1#1: worker process 20 exited with code 0
2024/02/03 08:04:12 [notice] 1#1: signal 29 (SIGIO) received
2024/02/03 08:04:13 [notice] 19#19: exiting
2024/02/03 08:04:13 [notice] 19#19: exit
2024/02/03 08:04:13 [notice] 1#1: signal 17 (SIGCHLD) received from 19
2024/02/03 08:04:13 [notice] 1#1: worker process 19 exited with code 0
2024/02/03 08:04:13 [notice] 1#1: exit
2024/02/03 08:05:02 [notice] 1#1: using the "epoll" event method
2024/02/03 08:05:02 [notice] 1#1: nginx/1.25.3
2024/02/03 08:05:02 [notice] 1#1: built by gcc 12.2.0 (Debian 12.2.0-14) 
2024/02/03 08:05:02 [notice] 1#1: OS: Linux 5.15.0-92-generic
2024/02/03 08:05:02 [notice] 1#1: getrlimit(RLIMIT_NOFILE): 1048576:1048576
2024/02/03 08:05:02 [notice] 1#1: start worker processes
2024/02/03 08:05:02 [notice] 1#1: start worker process 20
2024/02/03 08:05:02 [notice] 1#1: start worker process 21
2024/02/03 08:05:28 [notice] 1#1: signal 3 (SIGQUIT) received, shutting down
2024/02/03 08:05:28 [notice] 20#20: gracefully shutting down
2024/02/03 08:05:28 [notice] 20#20: exiting
2024/02/03 08:05:28 [notice] 21#21: gracefully shutting down
2024/02/03 08:05:28 [notice] 21#21: exiting
2024/02/03 08:05:28 [notice] 21#21: exit
2024/02/03 08:05:28 [notice] 20#20: exit
2024/02/03 08:05:28 [notice] 1#1: signal 17 (SIGCHLD) received from 20
2024/02/03 08:05:28 [notice] 1#1: worker process 20 exited with code 0
2024/02/03 08:05:28 [notice] 1#1: signal 29 (SIGIO) received
2024/02/03 08:05:28 [notice] 1#1: signal 17 (SIGCHLD) received from 21
2024/02/03 08:05:28 [notice] 1#1: worker process 21 exited with code 0
2024/02/03 08:05:28 [notice] 1#1: exit
